<?xml version="1.0" encoding="UTF-8"?>
<testng-results ignored="0" total="1" passed="1" failed="0" skipped="0">
  <reporter-output>
  </reporter-output>
  <suite started-at="2022-03-10T16:18:24 IST" name="Default suite" finished-at="2022-03-10T16:18:38 IST" duration-ms="14236">
    <groups>
    </groups>
    <test started-at="2022-03-10T16:18:24 IST" name="Default test" finished-at="2022-03-10T16:18:38 IST" duration-ms="14236">
      <class name="com.google.testcases.GoogleTest">
        <test-method signature="loginTest()[pri:1, instance:com.google.testcases.GoogleTest@11fc564b]" started-at="2022-03-10T16:18:24 IST" name="loginTest" finished-at="2022-03-10T16:18:38 IST" duration-ms="14173" status="PASS">
          <reporter-output>
          </reporter-output>
        </test-method> <!-- loginTest -->
      </class> <!-- com.google.testcases.GoogleTest -->
    </test> <!-- Default test -->
  </suite> <!-- Default suite -->
</testng-results>
